TN:
SF:src/DaimoAccount.sol
FN:60,DaimoAccount.onlySelf
FNDA:4,DaimoAccount.onlySelf
DA:61,4
DA:61,4
BRDA:61,0,0,-
BRDA:61,0,1,-
FN:65,DaimoAccount.onlyEntryPoint
FNDA:0,DaimoAccount.onlyEntryPoint
DA:66,0
DA:66,0
BRDA:66,1,0,-
BRDA:66,1,1,2
FN:75,DaimoAccount.
FNDA:0,DaimoAccount.
DA:76,0
DA:76,0
DA:77,0
DA:77,0
DA:78,0
DA:78,0
FN:85,DaimoAccount.initialize
FNDA:7,DaimoAccount.initialize
DA:90,7
DA:90,7
DA:91,7
DA:91,7
DA:93,7
DA:93,7
DA:93,7
DA:93,0
DA:94,0
DA:94,0
DA:97,7
DA:97,7
DA:98,7
DA:98,7
FN:102,DaimoAccount.executeBatch
FNDA:0,DaimoAccount.executeBatch
DA:103,0
DA:103,0
DA:103,0
DA:103,0
DA:104,0
DA:104,0
FN:133,DaimoAccount.validateUserOp
FNDA:2,DaimoAccount.validateUserOp
DA:146,2
DA:146,2
DA:147,2
DA:147,2
FN:152,DaimoAccount.signatureStruct
FNDA:0,DaimoAccount.signatureStruct
FN:158,DaimoAccount._validateSignature
FNDA:6,DaimoAccount._validateSignature
DA:162,6
DA:162,6
BRDA:162,2,0,-
BRDA:162,2,1,6
DA:162,0
DA:165,6
DA:165,6
DA:165,6
DA:168,6
DA:168,6
DA:168,6
DA:169,6
DA:169,6
DA:169,6
DA:171,6
DA:171,6
DA:171,6
FN:176,DaimoAccount.isValidSignature
FNDA:4,DaimoAccount.isValidSignature
DA:180,4
DA:180,4
BRDA:180,3,0,2
BRDA:180,3,1,2
DA:181,2
DA:181,2
DA:183,2
DA:183,2
FN:187,DaimoAccount._validateUseropSignature
FNDA:2,DaimoAccount._validateUseropSignature
DA:205,2
DA:205,2
DA:206,2
DA:206,2
DA:207,2
DA:207,2
DA:209,2
DA:209,2
DA:210,2
DA:210,2
BRDA:210,4,0,-
BRDA:210,4,1,2
DA:210,0
DA:212,2
DA:212,2
DA:212,2
DA:213,2
DA:213,2
BRDA:213,5,0,-
BRDA:213,5,1,2
DA:214,2
DA:214,2
BRDA:214,6,0,-
BRDA:214,6,1,2
DA:214,0
DA:215,2
DA:215,2
DA:215,2
DA:217,2
DA:217,2
DA:218,2
DA:218,2
DA:219,2
DA:219,2
DA:221,0
DA:221,0
DA:224,2
DA:224,2
BRDA:224,7,0,-
BRDA:224,7,1,2
DA:225,0
DA:225,0
DA:225,0
DA:227,2
DA:227,2
FN:231,DaimoAccount._payPrefund
FNDA:2,DaimoAccount._payPrefund
DA:232,2
DA:232,2
BRDA:232,8,0,-
BRDA:232,8,1,2
DA:233,2
DA:233,2
DA:233,2
FN:242,DaimoAccount._call
FNDA:0,DaimoAccount._call
DA:243,0
DA:243,0
DA:243,0
DA:244,0
DA:244,0
BRDA:244,9,0,-
BRDA:244,9,1,-
FN:252,DaimoAccount._authorizeUpgrade
FNDA:0,DaimoAccount._authorizeUpgrade
FN:259,DaimoAccount.getActiveSigningKeys
FNDA:3,DaimoAccount.getActiveSigningKeys
DA:267,3
DA:267,3
DA:268,3
DA:268,3
DA:269,3
DA:269,3
DA:270,3
DA:270,3
DA:270,771
DA:270,768
DA:271,768
DA:271,768
DA:271,768
DA:272,768
DA:272,768
DA:272,768
BRDA:272,10,0,-
BRDA:272,10,1,4
DA:273,4
DA:273,4
DA:274,4
DA:274,4
DA:275,4
DA:275,4
DA:278,3
DA:278,3
BRDA:278,11,0,-
BRDA:278,11,1,3
FN:284,DaimoAccount.addSigningKey
FNDA:4,DaimoAccount.addSigningKey
DA:285,3
DA:285,3
BRDA:285,12,0,-
BRDA:285,12,1,3
DA:286,3
DA:286,3
BRDA:286,13,0,1
BRDA:286,13,1,2
DA:287,2
DA:287,2
BRDA:287,14,0,-
BRDA:287,14,1,2
DA:288,2
DA:288,2
DA:289,2
DA:289,2
DA:290,2
DA:290,2
FN:295,DaimoAccount.removeSigningKey
FNDA:4,DaimoAccount.removeSigningKey
DA:296,4
DA:296,4
BRDA:296,15,0,1
BRDA:296,15,1,3
DA:297,3
DA:297,3
BRDA:297,16,0,1
BRDA:297,16,1,2
DA:298,2
DA:298,2
DA:299,2
DA:299,2
DA:300,2
DA:300,2
DA:301,2
DA:301,2
FNF:16
FNH:10
LF:65
LH:54
BRF:34
BRH:19
end_of_record
TN:
SF:src/DaimoAccountFactory.sol
FN:20,DaimoAccountFactory.
FNDA:0,DaimoAccountFactory.
DA:21,0
DA:21,0
DA:22,0
DA:22,0
DA:23,0
DA:23,0
FN:32,DaimoAccountFactory.createAccount
FNDA:8,DaimoAccountFactory.createAccount
DA:38,8
DA:38,8
DA:38,8
DA:41,8
DA:41,8
BRDA:41,0,0,-
BRDA:41,0,1,1
DA:42,1
DA:42,1
DA:46,8
DA:46,8
DA:47,8
DA:47,8
BRDA:47,1,0,1
BRDA:47,1,1,7
DA:48,1
DA:48,1
DA:48,1
DA:51,7
DA:51,7
FN:67,DaimoAccountFactory.getAddress
FNDA:1,DaimoAccountFactory.getAddress
DA:73,9
DA:73,9
DA:74,9
DA:74,9
FNF:3
FNH:2
LF:12
LH:9
BRF:4
BRH:3
end_of_record
TN:
SF:src/DaimoEphemeralNotes.sol
FN:32,DaimoEphemeralNotes.
FNDA:0,DaimoEphemeralNotes.
DA:33,0
DA:33,0
DA:34,0
DA:34,0
DA:34,0
DA:34,0
BRDA:34,0,0,-
BRDA:34,0,1,-
DA:35,0
DA:35,0
DA:36,0
DA:36,0
BRDA:36,1,0,-
BRDA:36,1,1,-
DA:38,0
DA:38,0
DA:39,0
DA:39,0
BRDA:39,2,0,-
BRDA:39,2,1,-
DA:41,0
DA:41,0
DA:43,0
DA:43,0
FN:48,DaimoEphemeralNotes.createNote
FNDA:3,DaimoEphemeralNotes.createNote
DA:49,3
DA:49,3
BRDA:49,3,0,-
BRDA:49,3,1,3
DA:53,3
DA:53,3
BRDA:53,4,0,-
BRDA:53,4,1,3
DA:54,3
DA:54,3
BRDA:54,5,0,-
BRDA:54,5,1,3
DA:56,3
DA:56,3
DA:62,3
DA:62,3
DA:63,3
DA:63,3
FN:67,DaimoEphemeralNotes.claimNote
FNDA:3,DaimoEphemeralNotes.claimNote
DA:71,3
DA:71,3
DA:72,3
DA:72,3
BRDA:72,6,0,-
BRDA:72,6,1,3
DA:77,3
DA:77,3
DA:77,3
DA:80,3
DA:80,3
DA:80,3
DA:81,3
DA:81,3
BRDA:81,7,0,1
BRDA:81,7,1,2
DA:86,2
DA:86,2
DA:87,2
DA:87,2
DA:88,2
DA:88,2
FNF:3
FNH:2
LF:22
LH:14
BRF:16
BRH:6
end_of_record
TN:
SF:src/DaimoEphemeralNotesV2.sol
FN:34,DaimoEphemeralNotesV2.
FNDA:0,DaimoEphemeralNotesV2.
DA:35,0
DA:35,0
DA:36,0
DA:36,0
DA:36,0
DA:36,0
BRDA:36,0,0,-
BRDA:36,0,1,-
DA:37,0
DA:37,0
DA:38,0
DA:38,0
BRDA:38,1,0,-
BRDA:38,1,1,-
DA:40,0
DA:40,0
DA:41,0
DA:41,0
BRDA:41,2,0,-
BRDA:41,2,1,-
DA:43,0
DA:43,0
DA:45,0
DA:45,0
FN:50,DaimoEphemeralNotesV2.createNote
FNDA:4,DaimoEphemeralNotesV2.createNote
DA:51,4
DA:51,4
BRDA:51,3,0,-
BRDA:51,3,1,4
DA:55,4
DA:55,4
BRDA:55,4,0,-
BRDA:55,4,1,4
DA:56,4
DA:56,4
BRDA:56,5,0,-
BRDA:56,5,1,4
DA:58,4
DA:58,4
DA:64,4
DA:64,4
DA:65,4
DA:65,4
FN:69,DaimoEphemeralNotesV2.claimNoteSelf
FNDA:2,DaimoEphemeralNotesV2.claimNoteSelf
DA:70,2
DA:70,2
DA:71,2
DA:71,2
BRDA:71,6,0,-
BRDA:71,6,1,2
DA:75,2
DA:75,2
BRDA:75,7,0,1
BRDA:75,7,1,1
DA:77,1
DA:77,1
DA:78,1
DA:78,1
DA:79,1
DA:79,1
FN:84,DaimoEphemeralNotesV2.claimNoteRecipient
FNDA:2,DaimoEphemeralNotesV2.claimNoteRecipient
DA:89,2
DA:89,2
DA:90,2
DA:90,2
BRDA:90,8,0,-
BRDA:90,8,1,2
DA:95,2
DA:95,2
DA:95,2
DA:98,2
DA:98,2
DA:98,2
DA:99,2
DA:99,2
BRDA:99,9,0,1
BRDA:99,9,1,1
DA:101,1
DA:101,1
DA:102,1
DA:102,1
DA:103,1
DA:103,1
FNF:4
FNH:3
LF:28
LH:20
BRF:20
BRH:9
end_of_record
TN:
SF:src/DaimoNameRegistry.sol
FN:18,DaimoNameRegistry.
FNDA:7,DaimoNameRegistry.
DA:19,7
DA:19,7
FN:25,DaimoNameRegistry.init
FNDA:7,DaimoNameRegistry.init
DA:26,7
DA:26,7
FN:30,DaimoNameRegistry._authorizeUpgrade
FNDA:3,DaimoNameRegistry._authorizeUpgrade
FN:37,DaimoNameRegistry.implementation
FNDA:2,DaimoNameRegistry.implementation
DA:38,2
DA:38,2
DA:38,2
FN:44,DaimoNameRegistry.register
FNDA:9,DaimoNameRegistry.register
DA:45,11
DA:45,11
BRDA:45,0,0,1
BRDA:45,0,1,10
DA:46,10
DA:46,10
BRDA:46,1,0,1
BRDA:46,1,1,9
DA:48,9
DA:48,9
BRDA:48,2,0,1
BRDA:48,2,1,8
DA:49,8
DA:49,8
BRDA:49,3,0,1
BRDA:49,3,1,7
DA:50,7
DA:50,7
DA:51,7
DA:51,7
DA:52,7
DA:52,7
FN:56,DaimoNameRegistry.registerSelf
FNDA:1,DaimoNameRegistry.registerSelf
DA:57,1
DA:57,1
FN:61,DaimoNameRegistry.resolveAddr
FNDA:5,DaimoNameRegistry.resolveAddr
DA:62,5
DA:62,5
FN:66,DaimoNameRegistry.resolveName
FNDA:5,DaimoNameRegistry.resolveName
DA:67,5
DA:67,5
FN:73,DaimoNameRegistry.forceRegister
FNDA:2,DaimoNameRegistry.forceRegister
DA:74,1
DA:74,1
DA:75,1
DA:75,1
DA:75,1
BRDA:75,4,0,-
BRDA:75,4,1,1
DA:76,1
DA:76,1
BRDA:76,5,0,-
BRDA:76,5,1,1
DA:77,1
DA:77,1
DA:78,1
DA:78,1
DA:80,1
DA:80,1
FNF:9
FNH:9
LF:19
LH:19
BRF:12
BRH:10
end_of_record
TN:
SF:src/DaimoNameRegistryProxy.sol
FN:8,DaimoNameRegistryProxy.
FNDA:8,DaimoNameRegistryProxy.
FNF:1
FNH:1
LF:0
LH:0
BRF:0
BRH:0
end_of_record
TN:
SF:src/DaimoPaymasterV2.sol
FN:42,DaimoPaymasterV2.
FNDA:0,DaimoPaymasterV2.
DA:46,0
DA:46,0
FN:49,DaimoPaymasterV2.setBundlerWhitelist
FNDA:3,DaimoPaymasterV2.setBundlerWhitelist
DA:53,2
DA:53,2
DA:53,4
DA:53,2
DA:54,2
DA:54,2
FN:58,DaimoPaymasterV2.setMetaPaymaster
FNDA:0,DaimoPaymasterV2.setMetaPaymaster
DA:59,0
DA:59,0
FN:62,DaimoPaymasterV2._validatePaymasterUserOp
FNDA:2,DaimoPaymasterV2._validatePaymasterUserOp
DA:68,2
DA:68,2
DA:69,2
DA:69,2
BRDA:69,0,0,1
BRDA:69,0,1,1
DA:71,1
DA:71,1
DA:72,1
DA:72,1
FN:79,DaimoPaymasterV2._postOp
FNDA:0,DaimoPaymasterV2._postOp
DA:84,0
DA:84,0
DA:84,0
BRDA:84,1,0,-
BRDA:84,1,1,-
DA:85,0
DA:85,0
DA:87,0
DA:87,0
BRDA:87,2,0,-
BRDA:87,2,1,-
DA:88,0
DA:88,0
DA:90,0
DA:90,0
DA:90,0
DA:94,0
DA:94,0
DA:94,0
DA:98,0
DA:98,0
FN:104,DaimoPaymasterV2.min
FNDA:0,DaimoPaymasterV2.min
DA:105,0
DA:105,0
DA:105,0
FNF:6
FNH:2
LF:16
LH:6
BRF:6
BRH:2
end_of_record
TN:
SF:src/DaimoRequest.sol
FN:43,DaimoRequest.
FNDA:0,DaimoRequest.
DA:44,0
DA:44,0
DA:45,0
DA:45,0
DA:45,0
DA:45,0
BRDA:45,0,0,-
BRDA:45,0,1,-
DA:46,0
DA:46,0
DA:47,0
DA:47,0
BRDA:47,1,0,-
BRDA:47,1,1,-
DA:49,0
DA:49,0
DA:50,0
DA:50,0
BRDA:50,2,0,-
BRDA:50,2,1,-
DA:52,0
DA:52,0
DA:54,0
DA:54,0
FN:60,DaimoRequest.createRequest
FNDA:6,DaimoRequest.createRequest
DA:66,6
DA:66,6
DA:67,6
DA:67,6
BRDA:67,3,0,-
BRDA:67,3,1,6
DA:68,6
DA:68,6
BRDA:68,4,0,-
BRDA:68,4,1,6
DA:70,6
DA:70,6
DA:75,6
DA:75,6
FN:80,DaimoRequest.updateRequest
FNDA:5,DaimoRequest.updateRequest
DA:81,5
DA:81,5
DA:82,5
DA:82,5
BRDA:82,5,0,-
BRDA:82,5,1,5
DA:83,5
DA:83,5
BRDA:83,6,0,1
BRDA:83,6,1,4
DA:87,4
DA:87,4
BRDA:87,7,0,-
BRDA:87,7,1,4
DA:92,4
DA:92,4
BRDA:92,8,0,1
BRDA:92,8,1,3
DA:94,3
DA:94,3
DA:95,3
DA:95,3
BRDA:95,9,0,1
BRDA:95,9,1,2
DA:96,1
DA:96,1
DA:97,2
DA:97,2
FN:103,DaimoRequest.fulfillRequest
FNDA:5,DaimoRequest.fulfillRequest
DA:104,5
DA:104,5
DA:105,5
DA:105,5
BRDA:105,10,0,-
BRDA:105,10,1,5
DA:106,5
DA:106,5
BRDA:106,11,0,2
BRDA:106,11,1,3
DA:111,3
DA:111,3
DA:112,3
DA:112,3
DA:113,3
DA:113,3
FNF:4
FNH:3
LF:28
LH:20
BRF:24
BRH:13
end_of_record
TN:
SF:src/DaimoTestUSDC.sol
FN:8,TestUSDC.
FNDA:1,TestUSDC.
DA:9,1
DA:9,1
FN:13,TestUSDC.decimals
FNDA:1,TestUSDC.decimals
DA:14,1
DA:14,1
FNF:2
FNH:2
LF:2
LH:2
BRF:0
BRH:0
end_of_record
TN:
SF:src/DaimoVerifier.sol
FN:12,DaimoVerifierProxy.
FNDA:0,DaimoVerifierProxy.
FN:32,DaimoVerifier.
FNDA:1,DaimoVerifier.
DA:33,1
DA:33,1
FN:38,DaimoVerifier.init
FNDA:1,DaimoVerifier.init
DA:39,1
DA:39,1
FN:43,DaimoVerifier._authorizeUpgrade
FNDA:3,DaimoVerifier._authorizeUpgrade
FN:50,DaimoVerifier.implementation
FNDA:2,DaimoVerifier.implementation
DA:51,2
DA:51,2
DA:51,2
FN:54,DaimoVerifier.verifySignature
FNDA:10,DaimoVerifier.verifySignature
DA:60,10
DA:60,10
DA:60,10
DA:62,8
DA:62,8
DA:63,8
DA:63,8
FNF:6
FNH:5
LF:6
LH:6
BRF:0
BRH:0
end_of_record
TN:
SF:test/Utils.sol
FN:11,Utils.rawSignatureToSignature
FNDA:6,Utils.rawSignatureToSignature
DA:16,6
DA:16,6
DA:16,6
DA:17,6
DA:17,6
DA:17,6
DA:24,6
DA:24,6
DA:26,6
DA:26,6
DA:27,6
DA:27,6
DA:29,6
DA:29,6
DA:29,6
DA:30,6
DA:30,6
DA:32,6
DA:32,6
DA:33,6
DA:33,6
FNF:1
FNH:1
LF:9
LH:9
BRF:0
BRH:0
end_of_record
