TN:
SF:src/DaimoAccount.sol
FN:86,DaimoAccount.initialize
FNDA:4,DaimoAccount.initialize
DA:91,4
DA:92,4
DA:94,4
DA:95,0
DA:98,4
DA:99,4
FN:103,DaimoAccount.executeBatch
FNDA:0,DaimoAccount.executeBatch
DA:104,0
DA:105,0
FN:134,DaimoAccount.validateUserOp
FNDA:0,DaimoAccount.validateUserOp
DA:147,0
DA:148,0
FN:152,DaimoAccount.isValidSignature
FNDA:2,DaimoAccount.isValidSignature
DA:156,2
BRDA:156,0,0,1
BRDA:156,0,1,1
DA:157,1
DA:159,1
FN:166,DaimoAccount._validateSignature
FNDA:2,DaimoAccount._validateSignature
DA:173,2
DA:176,2
DA:177,2
DA:180,2
DA:181,2
BRDA:181,1,0,-
BRDA:181,1,1,-
DA:182,2
DA:183,2
DA:186,2
DA:187,2
DA:188,2
BRDA:188,2,0,-
BRDA:188,2,1,-
DA:190,2
FN:194,DaimoAccount._validateUseropSignature
FNDA:0,DaimoAccount._validateUseropSignature
DA:203,0
BRDA:203,3,0,-
BRDA:203,3,1,-
DA:205,0
DA:207,0
FN:211,DaimoAccount._payPrefund
FNDA:0,DaimoAccount._payPrefund
DA:212,0
BRDA:212,4,0,-
BRDA:212,4,1,-
DA:213,0
FN:222,DaimoAccount._call
FNDA:0,DaimoAccount._call
DA:223,0
DA:224,0
BRDA:224,5,0,-
BRDA:224,5,1,-
FN:232,DaimoAccount._authorizeUpgrade
FNDA:0,DaimoAccount._authorizeUpgrade
FN:239,DaimoAccount.getActiveSigningKeys
FNDA:3,DaimoAccount.getActiveSigningKeys
DA:247,3
DA:248,3
DA:249,3
DA:250,3
DA:251,768
DA:252,768
BRDA:252,6,0,768
BRDA:252,6,1,4
DA:253,4
DA:254,4
DA:255,4
DA:258,3
BRDA:258,7,0,-
BRDA:258,7,1,-
FN:264,DaimoAccount.addSigningKey
FNDA:3,DaimoAccount.addSigningKey
DA:265,3
BRDA:265,8,0,-
BRDA:265,8,1,-
DA:266,3
BRDA:266,9,0,-
BRDA:266,9,1,-
DA:267,2
BRDA:267,10,0,-
BRDA:267,10,1,-
DA:268,3
DA:269,3
DA:270,2
FN:275,DaimoAccount.removeSigningKey
FNDA:4,DaimoAccount.removeSigningKey
DA:276,4
BRDA:276,11,0,-
BRDA:276,11,1,-
DA:277,3
BRDA:277,12,0,-
BRDA:277,12,1,-
DA:278,2
DA:279,4
DA:280,4
DA:281,2
FNF:12
FNH:6
LF:53
LH:41
BRF:26
BRH:4
end_of_record
TN:
SF:src/DaimoAccountFactory.sol
FN:30,AccountFactory.createAccount
FNDA:5,AccountFactory.createAccount
DA:36,5
DA:39,5
BRDA:39,0,0,1
BRDA:39,0,1,-
DA:40,1
DA:44,5
DA:45,5
BRDA:45,1,0,4
BRDA:45,1,1,1
DA:46,1
DA:49,4
FN:65,AccountFactory.getAddress
FNDA:6,AccountFactory.getAddress
DA:71,6
DA:72,6
FNF:2
FNH:2
LF:9
LH:9
BRF:4
BRH:3
end_of_record
TN:
SF:src/DaimoEphemeralNotes.sol
FN:34,EphemeralNotes.createNote
FNDA:3,EphemeralNotes.createNote
DA:35,3
BRDA:35,0,0,-
BRDA:35,0,1,-
DA:39,3
BRDA:39,1,0,-
BRDA:39,1,1,-
DA:40,3
BRDA:40,2,0,-
BRDA:40,2,1,-
DA:42,3
DA:48,3
DA:49,3
FN:53,EphemeralNotes.claimNote
FNDA:3,EphemeralNotes.claimNote
DA:57,3
DA:58,3
BRDA:58,3,0,-
BRDA:58,3,1,-
DA:63,3
DA:66,3
DA:67,3
BRDA:67,4,0,3
BRDA:67,4,1,2
DA:72,2
DA:73,3
DA:74,3
FNF:2
FNH:2
LF:14
LH:14
BRF:10
BRH:2
end_of_record
TN:
SF:src/DaimoNameRegistry.sol
FN:19,DaimoNameRegistry.init
FNDA:1,DaimoNameRegistry.init
DA:20,1
FN:26,DaimoNameRegistry.register
FNDA:8,DaimoNameRegistry.register
DA:27,8
BRDA:27,0,0,-
BRDA:27,0,1,-
DA:28,7
BRDA:28,1,0,-
BRDA:28,1,1,-
DA:29,8
DA:30,8
DA:31,6
FN:35,DaimoNameRegistry.registerSelf
FNDA:1,DaimoNameRegistry.registerSelf
DA:36,1
FN:40,DaimoNameRegistry.resolveAddr
FNDA:4,DaimoNameRegistry.resolveAddr
DA:41,4
FN:45,DaimoNameRegistry.resolveName
FNDA:5,DaimoNameRegistry.resolveName
DA:46,5
FN:52,DaimoNameRegistry.forceRegister
FNDA:1,DaimoNameRegistry.forceRegister
DA:53,1
DA:54,1
BRDA:54,2,0,1
BRDA:54,2,1,1
DA:55,1
BRDA:55,3,0,-
BRDA:55,3,1,-
DA:56,1
DA:57,1
DA:59,1
FNF:6
FNH:6
LF:15
LH:15
BRF:8
BRH:2
end_of_record
TN:
SF:src/DaimoTestUSDC.sol
FN:13,TestUSDC.decimals
FNDA:1,TestUSDC.decimals
DA:14,1
FNF:1
FNH:1
LF:1
LH:1
BRF:0
BRH:0
end_of_record
TN:
SF:test/NameRegistry.t.sol
FN:10,Brick.resolveAddr
FNDA:1,Brick.resolveAddr
DA:12,1
FNF:1
FNH:1
LF:1
LH:1
BRF:0
BRH:0
end_of_record
